[debug] [2022-09-06T13:32:02.347Z] ----------------------------------------------------------------------
[debug] [2022-09-06T13:32:02.354Z] Command:       C:\Program Files\nodejs\node.exe C:\Users\sabpaisa\AppData\Roaming\npm\node_modules\firebase-tools\lib\bin\firebase.js init
[debug] [2022-09-06T13:32:02.357Z] CLI Version:   11.4.2
[debug] [2022-09-06T13:32:02.357Z] Platform:      win32
[debug] [2022-09-06T13:32:02.358Z] Node Version:  v16.16.0
[debug] [2022-09-06T13:32:02.374Z] Time:          Tue Sep 06 2022 19:02:02 GMT+0530 (India Standard Time)
[debug] [2022-09-06T13:32:02.375Z] ----------------------------------------------------------------------
[debug] 
[debug] [2022-09-06T13:32:02.388Z] >>> [apiv2][query] GET https://firebase-public.firebaseio.com/cli.json [none]
[debug] [2022-09-06T13:32:02.621Z] > command requires scopes: ["email","openid","https://www.googleapis.com/auth/cloudplatformprojects.readonly","https://www.googleapis.com/auth/firebase","https://www.googleapis.com/auth/cloud-platform"]
[debug] [2022-09-06T13:32:02.622Z] > authorizing via signed-in user (abhishek.verma@sabpaisa.in)
[info] 
     ######## #### ########  ######## ########     ###     ######  ########
     ##        ##  ##     ## ##       ##     ##  ##   ##  ##       ##
     ######    ##  ########  ######   ########  #########  ######  ######
     ##        ##  ##    ##  ##       ##     ## ##     ##       ## ##
     ##       #### ##     ## ######## ########  ##     ##  ######  ########

You're about to initialize a Firebase project in this directory:

  F:\sabpaisa-projects\COB-Frontend

Before we get started, keep in mind:

  * You are initializing within an existing Firebase project directory

[debug] [2022-09-06T13:32:03.387Z] <<< [apiv2][status] GET https://firebase-public.firebaseio.com/cli.json 200
[debug] [2022-09-06T13:32:03.388Z] <<< [apiv2][body] GET https://firebase-public.firebaseio.com/cli.json {"cloudBuildErrorAfter":1594252800000,"cloudBuildWarnAfter":1590019200000,"defaultNode10After":1594252800000,"minVersion":"3.0.5","node8DeploysDisabledAfter":1613390400000,"node8RuntimeDisabledAfter":1615809600000,"node8WarnAfter":1600128000000}
